<?xml version="1.0" encoding="UTF-8"?>
<robot generator="Robot 3.2.1 (Python 3.8.5 on darwin)" generated="20200803 17:20:52.801" rpa="false">
<suite id="s1" name="Buttons" source="/Users/user/PycharmProjects/OceansTest/Buttons/Buttons.robot">
<kw name="Set Selenium Speed" library="SeleniumLibrary" type="setup">
<doc>Sets the delay that is waited after each Selenium command.</doc>
<arguments>
<arg>0.3s</arg>
</arguments>
<status status="PASS" starttime="20200803 17:20:53.072" endtime="20200803 17:20:53.072"></status>
</kw>
<test id="s1-t1" name="Buttons Click Actions">
<kw name="Go to Homepage">
<kw name="Open Browser" library="SeleniumLibrary">
<doc>Opens a new browser instance to the optional ``url``.</doc>
<arguments>
<arg>${URL}</arg>
<arg>${Browser}</arg>
</arguments>
<msg timestamp="20200803 17:20:53.075" level="INFO">Opening browser 'chrome' to base url 'https://demoqa.com/buttons'.</msg>
<status status="PASS" starttime="20200803 17:20:53.074" endtime="20200803 17:21:19.479"></status>
</kw>
<kw name="Page Should Contain" library="SeleniumLibrary">
<doc>Verifies that current page contains ``text``.</doc>
<arguments>
<arg>Buttons</arg>
</arguments>
<msg timestamp="20200803 17:21:20.112" level="INFO">Current page contains text 'Buttons'.</msg>
<status status="PASS" starttime="20200803 17:21:19.481" endtime="20200803 17:21:20.112"></status>
</kw>
<status status="PASS" starttime="20200803 17:20:53.073" endtime="20200803 17:21:20.113"></status>
</kw>
<kw name="Maximize Browser Window" library="SeleniumLibrary">
<doc>Maximizes current browser window.</doc>
<status status="PASS" starttime="20200803 17:21:20.113" endtime="20200803 17:21:20.578"></status>
</kw>
<kw name="Double Click button">
<kw name="Double Click Element" library="SeleniumLibrary">
<doc>Double clicks the element identified by ``locator``.</doc>
<arguments>
<arg>${DoubleClick}</arg>
</arguments>
<msg timestamp="20200803 17:21:20.580" level="INFO">Double clicking element 'id: doubleClickBtn'.</msg>
<status status="PASS" starttime="20200803 17:21:20.579" endtime="20200803 17:21:21.473"></status>
</kw>
<kw name="Page Should Contain" library="SeleniumLibrary">
<doc>Verifies that current page contains ``text``.</doc>
<arguments>
<arg>You have done a double click</arg>
</arguments>
<msg timestamp="20200803 17:21:22.096" level="INFO">Current page contains text 'You have done a double click'.</msg>
<status status="PASS" starttime="20200803 17:21:21.473" endtime="20200803 17:21:22.096"></status>
</kw>
<status status="PASS" starttime="20200803 17:21:20.578" endtime="20200803 17:21:22.096"></status>
</kw>
<kw name="Right Click button">
<kw name="Click Element" library="SeleniumLibrary">
<doc>Click the element identified by ``locator``.</doc>
<arguments>
<arg>${RightClick}</arg>
<arg>CTRL</arg>
</arguments>
<msg timestamp="20200803 17:21:22.097" level="INFO">Clicking element 'id: rightClickBtn' with CTRL.</msg>
<status status="PASS" starttime="20200803 17:21:22.097" endtime="20200803 17:21:22.981"></status>
</kw>
<kw name="Page Should Contain" library="SeleniumLibrary">
<doc>Verifies that current page contains ``text``.</doc>
<arguments>
<arg>You have done a right click</arg>
</arguments>
<msg timestamp="20200803 17:21:23.605" level="INFO">Current page contains text 'You have done a right click'.</msg>
<status status="PASS" starttime="20200803 17:21:22.981" endtime="20200803 17:21:23.605"></status>
</kw>
<status status="PASS" starttime="20200803 17:21:22.096" endtime="20200803 17:21:23.605"></status>
</kw>
<kw name="Single Click button">
<kw name="Click Element" library="SeleniumLibrary">
<doc>Click the element identified by ``locator``.</doc>
<arguments>
<arg>${SingleClick}</arg>
</arguments>
<msg timestamp="20200803 17:21:23.606" level="INFO">Clicking element 'xpath: //div[3]//button[1]'.</msg>
<status status="PASS" starttime="20200803 17:21:23.606" endtime="20200803 17:21:24.258"></status>
</kw>
<kw name="Page Should Contain" library="SeleniumLibrary">
<doc>Verifies that current page contains ``text``.</doc>
<arguments>
<arg>You have done a dynamic click</arg>
</arguments>
<msg timestamp="20200803 17:21:24.880" level="INFO">Current page contains text 'You have done a dynamic click'.</msg>
<status status="PASS" starttime="20200803 17:21:24.259" endtime="20200803 17:21:24.880"></status>
</kw>
<status status="PASS" starttime="20200803 17:21:23.605" endtime="20200803 17:21:24.880"></status>
</kw>
<status status="PASS" starttime="20200803 17:20:53.073" endtime="20200803 17:21:24.881" critical="yes"></status>
</test>
<kw name="Close Browser" library="SeleniumLibrary" type="teardown">
<doc>Closes the current browser.</doc>
<status status="PASS" starttime="20200803 17:21:24.885" endtime="20200803 17:21:25.266"></status>
</kw>
<status status="PASS" starttime="20200803 17:20:52.803" endtime="20200803 17:21:25.266"></status>
</suite>
<statistics>
<total>
<stat pass="1" fail="0">Critical Tests</stat>
<stat pass="1" fail="0">All Tests</stat>
</total>
<tag>
</tag>
<suite>
<stat pass="1" fail="0" id="s1" name="Buttons">Buttons</stat>
</suite>
</statistics>
<errors>
</errors>
</robot>
